<?xml version="1.0" encoding="UTF-8" ?>
<testsuite failures="0" time="0.028" errors="0" skipped="0" tests="3" name="com.badbears.trainzz.engine.BoardTest">
  <properties>
    <property name="java.runtime.name" value="Java(TM) SE Runtime Environment"/>
    <property name="sun.boot.library.path" value="I:\Program Files\Java\jre6\bin"/>
    <property name="java.vm.version" value="17.0-b17"/>
    <property name="java.vm.vendor" value="Sun Microsystems Inc."/>
    <property name="java.vendor.url" value="http://java.sun.com/"/>
    <property name="path.separator" value=";"/>
    <property name="java.vm.name" value="Java HotSpot(TM) 64-Bit Server VM"/>
    <property name="file.encoding.pkg" value="sun.io"/>
    <property name="user.country" value="PL"/>
    <property name="sun.java.launcher" value="SUN_STANDARD"/>
    <property name="sun.os.patch.level" value="Service Pack 1"/>
    <property name="java.vm.specification.name" value="Java Virtual Machine Specification"/>
    <property name="user.dir" value="I:\Users\zlemisie\trainzz\engine"/>
    <property name="java.runtime.version" value="1.6.0_21-b07"/>
    <property name="java.awt.graphicsenv" value="sun.awt.Win32GraphicsEnvironment"/>
    <property name="basedir" value="I:\Users\zlemisie\trainzz\engine"/>
    <property name="java.endorsed.dirs" value="I:\Program Files\Java\jre6\lib\endorsed"/>
    <property name="os.arch" value="amd64"/>
    <property name="surefire.real.class.path" value="I:\Users\zlemisie\AppData\Local\Temp\surefirebooter1971481560320792115.jar"/>
    <property name="java.io.tmpdir" value="I:\Users\zlemisie\AppData\Local\Temp\"/>
    <property name="line.separator" value="
"/>
    <property name="java.vm.specification.vendor" value="Sun Microsystems Inc."/>
    <property name="user.variant" value=""/>
    <property name="os.name" value="Windows 7"/>
    <property name="sun.jnu.encoding" value="Cp1250"/>
    <property name="java.library.path" value="I:\Program Files\Java\jre6\bin;.;I:\Windows\Sun\Java\bin;I:\Windows\system32;I:\Windows;I:\Program Files (x86)\NVIDIA Corporation\PhysX\Common;I:\Windows\system32;I:\Windows;I:\Windows\System32\Wbem;I:\Windows\System32\WindowsPowerShell\v1.0\;I:\Programy\apache-maven-3.0.3\bin"/>
    <property name="surefire.test.class.path" value="I:\Users\zlemisie\trainzz\engine\target\test-classes;I:\Users\zlemisie\trainzz\engine\target\classes;I:\Users\zlemisie\.m2\repository\junit\junit\4.8.2\junit-4.8.2.jar;"/>
    <property name="java.specification.name" value="Java Platform API Specification"/>
    <property name="java.class.version" value="50.0"/>
    <property name="sun.management.compiler" value="HotSpot 64-Bit Server Compiler"/>
    <property name="os.version" value="6.1"/>
    <property name="user.home" value="I:\Users\zlemisie"/>
    <property name="user.timezone" value=""/>
    <property name="java.awt.printerjob" value="sun.awt.windows.WPrinterJob"/>
    <property name="java.specification.version" value="1.6"/>
    <property name="file.encoding" value="Cp1250"/>
    <property name="user.name" value="zlemisie"/>
    <property name="java.class.path" value="I:\Users\zlemisie\trainzz\engine\target\test-classes;I:\Users\zlemisie\trainzz\engine\target\classes;I:\Users\zlemisie\.m2\repository\junit\junit\4.8.2\junit-4.8.2.jar;"/>
    <property name="java.vm.specification.version" value="1.0"/>
    <property name="sun.arch.data.model" value="64"/>
    <property name="java.home" value="I:\Program Files\Java\jre6"/>
    <property name="java.specification.vendor" value="Sun Microsystems Inc."/>
    <property name="user.language" value="pl"/>
    <property name="awt.toolkit" value="sun.awt.windows.WToolkit"/>
    <property name="java.vm.info" value="mixed mode"/>
    <property name="java.version" value="1.6.0_21"/>
    <property name="java.ext.dirs" value="I:\Program Files\Java\jre6\lib\ext;I:\Windows\Sun\Java\lib\ext"/>
    <property name="sun.boot.class.path" value="I:\Program Files\Java\jre6\lib\resources.jar;I:\Program Files\Java\jre6\lib\rt.jar;I:\Program Files\Java\jre6\lib\sunrsasign.jar;I:\Program Files\Java\jre6\lib\jsse.jar;I:\Program Files\Java\jre6\lib\jce.jar;I:\Program Files\Java\jre6\lib\charsets.jar;I:\Program Files\Java\jre6\classes"/>
    <property name="java.vendor" value="Sun Microsystems Inc."/>
    <property name="localRepository" value="I:\Users\zlemisie\.m2\repository"/>
    <property name="file.separator" value="\"/>
    <property name="java.vendor.url.bug" value="http://java.sun.com/cgi-bin/bugreport.cgi"/>
    <property name="sun.cpu.endian" value="little"/>
    <property name="sun.io.unicode.encoding" value="UnicodeLittle"/>
    <property name="sun.desktop" value="windows"/>
    <property name="sun.cpu.isalist" value="amd64"/>
  </properties>
  <testcase time="0.008" classname="com.badbears.trainzz.engine.BoardTest" name="testAddTrain"/>
  <testcase time="0.002" classname="com.badbears.trainzz.engine.BoardTest" name="testGetEndElements"/>
  <testcase time="0" classname="com.badbears.trainzz.engine.BoardTest" name="testGetNextElements"/>
</testsuite>